==27634== Memcheck, a memory error detector
==27634== Copyright (C) 2002-2012, and GNU GPL'd, by Julian Seward et al.
==27634== Using Valgrind-3.8.1 and LibVEX; rerun with -h for copyright info
==27634== Command: ./pa11
==27634== Parent PID: 28340
==27634== 
--27634-- 
--27634-- Valgrind options:
--27634--    --tool=memcheck
--27634--    --leak-check=full
--27634--    --verbose
--27634--    --log-file=memcheck.log
--27634-- Contents of /proc/version:
--27634--   Linux version 2.6.32-504.1.3.el6.x86_64 (mockbuild@x86-022.build.eng.bos.redhat.com) (gcc version 4.4.7 20120313 (Red Hat 4.4.7-9) (GCC) ) #1 SMP Fri Oct 31 11:37:10 EDT 2014
--27634-- Arch and hwcaps: AMD64, amd64-sse3-cx16
--27634-- Page sizes: currently 4096, max supported 4096
--27634-- Valgrind library directory: /usr/lib64/valgrind
--27634-- Reading syms from /home/shay/a/patel344/ECE264/solutions/ece264/PA11/pa11
--27634-- Reading syms from /usr/lib64/valgrind/memcheck-amd64-linux
--27634--    object doesn't have a dynamic symbol table
--27634-- Reading syms from /lib64/ld-2.12.so
--27634--   Considering /usr/lib/debug/.build-id/3b/fa45bce0e82e1d90d37a0cc8630f97f2003bf5.debug ..
--27634--   .. build-id is valid
--27634-- Scheduler: using generic scheduler lock implementation.
--27634-- Reading suppressions file: /usr/lib64/valgrind/default.supp
==27634== embedded gdbserver: reading from /tmp/vgdb-pipe-from-vgdb-to-27634-by-patel344-on-ecegrid-thin2.ecn.purdue.edu
==27634== embedded gdbserver: writing to   /tmp/vgdb-pipe-to-vgdb-from-27634-by-patel344-on-ecegrid-thin2.ecn.purdue.edu
==27634== embedded gdbserver: shared mem   /tmp/vgdb-pipe-shared-mem-vgdb-27634-by-patel344-on-ecegrid-thin2.ecn.purdue.edu
==27634== 
==27634== TO CONTROL THIS PROCESS USING vgdb (which you probably
==27634== don't want to do, unless you know exactly what you're doing,
==27634== or are doing some strange experiment):
==27634==   /usr/lib64/valgrind/../../bin/vgdb --pid=27634 ...command...
==27634== 
==27634== TO DEBUG THIS PROCESS USING GDB: start GDB like this
==27634==   /path/to/gdb ./pa11
==27634== and then give GDB the following command
==27634==   target remote | /usr/lib64/valgrind/../../bin/vgdb --pid=27634
==27634== --pid is optional if only one valgrind process is running
==27634== 
--27634-- REDIR: 0x30c8e17610 (strlen) redirected to 0x38049551 (vgPlain_amd64_linux_REDIR_FOR_strlen)
--27634-- Reading syms from /usr/lib64/valgrind/vgpreload_core-amd64-linux.so
--27634-- Reading syms from /usr/lib64/valgrind/vgpreload_memcheck-amd64-linux.so
--27634-- REDIR: 0x30c8e17480 (index) redirected to 0x4a07c30 (index)
--27634-- REDIR: 0x30c8e17500 (strcmp) redirected to 0x4a08570 (strcmp)
--27634-- Reading syms from /lib64/libc-2.12.so
--27634--   Considering /usr/lib/debug/.build-id/73/3ad3a438b5a695f7a63a77413f9b2c8c94e8e6.debug ..
--27634--   .. build-id is valid
--27634-- REDIR: 0x30c9284cd0 (strcasecmp) redirected to 0x480155c (_vgnU_ifunc_wrapper)
--27634-- REDIR: 0x30c9286f90 (strncasecmp) redirected to 0x480155c (_vgnU_ifunc_wrapper)
--27634-- REDIR: 0x30c9282c40 (__GI_strrchr) redirected to 0x4a07ab0 (__GI_strrchr)
--27634-- REDIR: 0x30c927a640 (malloc) redirected to 0x4a069ac (malloc)
--27634-- REDIR: 0x30c927b520 (free) redirected to 0x4a063a9 (free)
--27634-- REDIR: 0x30c928aaf0 (strchrnul) redirected to 0x4a09fb0 (strchrnul)
==27634== 
==27634== HEAP SUMMARY:
==27634==     in use at exit: 1,704 bytes in 3 blocks
==27634==   total heap usage: 326 allocs, 323 frees, 7,880 bytes allocated
==27634== 
==27634== Searching for pointers to 3 not-freed blocks
==27634== Checked 3,211,216 bytes
==27634== 
==27634== LEAK SUMMARY:
==27634==    definitely lost: 0 bytes in 0 blocks
==27634==    indirectly lost: 0 bytes in 0 blocks
==27634==      possibly lost: 0 bytes in 0 blocks
==27634==    still reachable: 1,704 bytes in 3 blocks
==27634==         suppressed: 0 bytes in 0 blocks
==27634== Reachable blocks (those to which a pointer was found) are not shown.
==27634== To see them, rerun with: --leak-check=full --show-reachable=yes
==27634== 
==27634== ERROR SUMMARY: 0 errors from 0 contexts (suppressed: 6 from 6)
--27634-- 
--27634-- used_suppression:      4 U1004-ARM-_dl_relocate_object
--27634-- used_suppression:      2 glibc-2.5.x-on-SUSE-10.2-(PPC)-2a
==27634== 
==27634== ERROR SUMMARY: 0 errors from 0 contexts (suppressed: 6 from 6)
