==2405== Memcheck, a memory error detector
==2405== Copyright (C) 2002-2012, and GNU GPL'd, by Julian Seward et al.
==2405== Using Valgrind-3.8.1 and LibVEX; rerun with -h for copyright info
==2405== Command: ./pa12
==2405== Parent PID: 1314
==2405== 
--2405-- 
--2405-- Valgrind options:
--2405--    --tool=memcheck
--2405--    --leak-check=full
--2405--    --verbose
--2405--    --log-file=memcheck.log
--2405-- Contents of /proc/version:
--2405--   Linux version 2.6.32-504.1.3.el6.x86_64 (mockbuild@x86-022.build.eng.bos.redhat.com) (gcc version 4.4.7 20120313 (Red Hat 4.4.7-9) (GCC) ) #1 SMP Fri Oct 31 11:37:10 EDT 2014
--2405-- Arch and hwcaps: AMD64, amd64-sse3-cx16-avx
--2405-- Page sizes: currently 4096, max supported 4096
--2405-- Valgrind library directory: /usr/lib64/valgrind
--2405-- Reading syms from /home/shay/a/patel344/ECE264/solutions/ece264/PA12/pa12
--2405-- Reading syms from /usr/lib64/valgrind/memcheck-amd64-linux
--2405--    object doesn't have a dynamic symbol table
--2405-- Reading syms from /lib64/ld-2.12.so
--2405--   Considering /usr/lib/debug/.build-id/3b/fa45bce0e82e1d90d37a0cc8630f97f2003bf5.debug ..
--2405--   .. build-id is valid
--2405-- Scheduler: using generic scheduler lock implementation.
--2405-- Reading suppressions file: /usr/lib64/valgrind/default.supp
==2405== embedded gdbserver: reading from /tmp/vgdb-pipe-from-vgdb-to-2405-by-patel344-on-ecegrid-thin4.ecn.purdue.edu
==2405== embedded gdbserver: writing to   /tmp/vgdb-pipe-to-vgdb-from-2405-by-patel344-on-ecegrid-thin4.ecn.purdue.edu
==2405== embedded gdbserver: shared mem   /tmp/vgdb-pipe-shared-mem-vgdb-2405-by-patel344-on-ecegrid-thin4.ecn.purdue.edu
==2405== 
==2405== TO CONTROL THIS PROCESS USING vgdb (which you probably
==2405== don't want to do, unless you know exactly what you're doing,
==2405== or are doing some strange experiment):
==2405==   /usr/lib64/valgrind/../../bin/vgdb --pid=2405 ...command...
==2405== 
==2405== TO DEBUG THIS PROCESS USING GDB: start GDB like this
==2405==   /path/to/gdb ./pa12
==2405== and then give GDB the following command
==2405==   target remote | /usr/lib64/valgrind/../../bin/vgdb --pid=2405
==2405== --pid is optional if only one valgrind process is running
==2405== 
--2405-- REDIR: 0x3350217610 (strlen) redirected to 0x38049551 (vgPlain_amd64_linux_REDIR_FOR_strlen)
--2405-- Reading syms from /usr/lib64/valgrind/vgpreload_core-amd64-linux.so
--2405-- Reading syms from /usr/lib64/valgrind/vgpreload_memcheck-amd64-linux.so
--2405-- REDIR: 0x3350217480 (index) redirected to 0x4a07c30 (index)
--2405-- REDIR: 0x3350217500 (strcmp) redirected to 0x4a08570 (strcmp)
--2405-- Reading syms from /lib64/libpthread-2.12.so
--2405--   Considering /usr/lib/debug/.build-id/17/4be4cad6b9cde9463a1ed403a8a45667042f1b.debug ..
--2405--   .. build-id is valid
--2405-- Reading syms from /lib64/libm-2.12.so
--2405--   Considering /usr/lib/debug/.build-id/ba/a4d2fbb45b33028e58c6c4524d5f0d69c0fd60.debug ..
--2405--   .. build-id is valid
--2405-- Reading syms from /lib64/libc-2.12.so
--2405--   Considering /usr/lib/debug/.build-id/73/3ad3a438b5a695f7a63a77413f9b2c8c94e8e6.debug ..
--2405--   .. build-id is valid
--2405-- REDIR: 0x3350684cd0 (strcasecmp) redirected to 0x480155c (_vgnU_ifunc_wrapper)
--2405-- REDIR: 0x3350686f90 (strncasecmp) redirected to 0x480155c (_vgnU_ifunc_wrapper)
--2405-- REDIR: 0x3350681160 (__GI_strlen) redirected to 0x4a07fb0 (__GI_strlen)
--2405-- REDIR: 0x3350682c40 (__GI_strrchr) redirected to 0x4a07ab0 (__GI_strrchr)
--2405-- REDIR: 0x335067a640 (malloc) redirected to 0x4a069ac (malloc)
--2405-- REDIR: 0x335067b520 (free) redirected to 0x4a063a9 (free)
--2405-- REDIR: 0x335068aaf0 (strchrnul) redirected to 0x4a09fb0 (strchrnul)
--2405-- REDIR: 0x335067a280 (calloc) redirected to 0x4a05717 (calloc)
==2405== 
==2405== HEAP SUMMARY:
==2405==     in use at exit: 0 bytes in 0 blocks
==2405==   total heap usage: 7 allocs, 7 frees, 1,383 bytes allocated
==2405== 
==2405== All heap blocks were freed -- no leaks are possible
==2405== 
==2405== ERROR SUMMARY: 0 errors from 0 contexts (suppressed: 6 from 6)
--2405-- 
--2405-- used_suppression:      4 U1004-ARM-_dl_relocate_object
--2405-- used_suppression:      2 glibc-2.5.x-on-SUSE-10.2-(PPC)-2a
==2405== 
==2405== ERROR SUMMARY: 0 errors from 0 contexts (suppressed: 6 from 6)
