==17916== Memcheck, a memory error detector
==17916== Copyright (C) 2002-2012, and GNU GPL'd, by Julian Seward et al.
==17916== Using Valgrind-3.8.1 and LibVEX; rerun with -h for copyright info
==17916== Command: ./pa09
==17916== Parent PID: 6107
==17916== 
--17916-- 
--17916-- Valgrind options:
--17916--    --tool=memcheck
--17916--    --leak-check=full
--17916--    --verbose
--17916--    --log-file=memcheck.log
--17916-- Contents of /proc/version:
--17916--   Linux version 2.6.32-431.29.2.el6.x86_64 (mockbuild@x86-026.build.eng.bos.redhat.com) (gcc version 4.4.7 20120313 (Red Hat 4.4.7-4) (GCC) ) #1 SMP Sun Jul 27 15:55:46 EDT 2014
--17916-- Arch and hwcaps: AMD64, amd64-sse3-cx16-avx
--17916-- Page sizes: currently 4096, max supported 4096
--17916-- Valgrind library directory: /usr/lib64/valgrind
--17916-- Reading syms from /home/shay/a/patel344/ECE264/solutions/ece264/PA09/pa09
--17916-- Reading syms from /usr/lib64/valgrind/memcheck-amd64-linux
--17916--    object doesn't have a dynamic symbol table
--17916-- Reading syms from /lib64/ld-2.12.so
--17916--   Considering /usr/lib/debug/.build-id/3b/fa45bce0e82e1d90d37a0cc8630f97f2003bf5.debug ..
--17916--   .. build-id is valid
--17916-- Scheduler: using generic scheduler lock implementation.
--17916-- Reading suppressions file: /usr/lib64/valgrind/default.supp
==17916== embedded gdbserver: reading from /tmp/vgdb-pipe-from-vgdb-to-17916-by-patel344-on-ecegrid-thin4.ecn.purdue.edu
==17916== embedded gdbserver: writing to   /tmp/vgdb-pipe-to-vgdb-from-17916-by-patel344-on-ecegrid-thin4.ecn.purdue.edu
==17916== embedded gdbserver: shared mem   /tmp/vgdb-pipe-shared-mem-vgdb-17916-by-patel344-on-ecegrid-thin4.ecn.purdue.edu
==17916== 
==17916== TO CONTROL THIS PROCESS USING vgdb (which you probably
==17916== don't want to do, unless you know exactly what you're doing,
==17916== or are doing some strange experiment):
==17916==   /usr/lib64/valgrind/../../bin/vgdb --pid=17916 ...command...
==17916== 
==17916== TO DEBUG THIS PROCESS USING GDB: start GDB like this
==17916==   /path/to/gdb ./pa09
==17916== and then give GDB the following command
==17916==   target remote | /usr/lib64/valgrind/../../bin/vgdb --pid=17916
==17916== --pid is optional if only one valgrind process is running
==17916== 
--17916-- REDIR: 0x3350217610 (strlen) redirected to 0x38049551 (vgPlain_amd64_linux_REDIR_FOR_strlen)
--17916-- Reading syms from /usr/lib64/valgrind/vgpreload_core-amd64-linux.so
--17916-- Reading syms from /usr/lib64/valgrind/vgpreload_memcheck-amd64-linux.so
--17916-- REDIR: 0x3350217480 (index) redirected to 0x4a07c30 (index)
--17916-- REDIR: 0x3350217500 (strcmp) redirected to 0x4a08570 (strcmp)
--17916-- Reading syms from /lib64/libc-2.12.so
--17916--   Considering /usr/lib/debug/.build-id/73/3ad3a438b5a695f7a63a77413f9b2c8c94e8e6.debug ..
--17916--   .. build-id is valid
--17916-- REDIR: 0x3350684cd0 (strcasecmp) redirected to 0x480155c (_vgnU_ifunc_wrapper)
--17916-- REDIR: 0x3350686f90 (strncasecmp) redirected to 0x480155c (_vgnU_ifunc_wrapper)
--17916-- REDIR: 0x3350682c40 (__GI_strrchr) redirected to 0x4a07ab0 (__GI_strrchr)
--17916-- REDIR: 0x335067a640 (malloc) redirected to 0x4a069ac (malloc)
--17916-- REDIR: 0x3350681160 (__GI_strlen) redirected to 0x4a07fb0 (__GI_strlen)
--17916-- REDIR: 0x335068aaf0 (strchrnul) redirected to 0x4a09fb0 (strchrnul)
--17916-- REDIR: 0x335067b520 (free) redirected to 0x4a063a9 (free)
--17916-- REDIR: 0x335067f6e0 (strcmp) redirected to 0x480155c (_vgnU_ifunc_wrapper)
--17916-- REDIR: 0x3350728420 (__strcmp_sse42) redirected to 0x4a084d0 (strcmp)
--17916-- REDIR: 0x3350683350 (memchr) redirected to 0x4a08610 (memchr)
--17916-- REDIR: 0x3350689670 (memcpy) redirected to 0x4a08b60 (memcpy)
--17916-- REDIR: 0x3350684500 (mempcpy) redirected to 0x4a0a020 (mempcpy)
--17916-- REDIR: 0x3350681120 (strlen) redirected to 0x480155c (_vgnU_ifunc_wrapper)
--17916-- REDIR: 0x33507336f0 (__strlen_sse42) redirected to 0x4a07f90 (strlen)
--17916-- REDIR: 0x335067f630 (index) redirected to 0x480155c (_vgnU_ifunc_wrapper)
--17916-- REDIR: 0x3350728370 (__strchr_sse42) redirected to 0x4a07b40 (index)
==17916== 
==17916== HEAP SUMMARY:
==17916==     in use at exit: 568 bytes in 1 blocks
==17916==   total heap usage: 32 allocs, 31 frees, 2,195 bytes allocated
==17916== 
==17916== Searching for pointers to 1 not-freed blocks
==17916== Checked 1,113,536 bytes
==17916== 
==17916== LEAK SUMMARY:
==17916==    definitely lost: 0 bytes in 0 blocks
==17916==    indirectly lost: 0 bytes in 0 blocks
==17916==      possibly lost: 0 bytes in 0 blocks
==17916==    still reachable: 568 bytes in 1 blocks
==17916==         suppressed: 0 bytes in 0 blocks
==17916== Reachable blocks (those to which a pointer was found) are not shown.
==17916== To see them, rerun with: --leak-check=full --show-reachable=yes
==17916== 
==17916== ERROR SUMMARY: 0 errors from 0 contexts (suppressed: 6 from 6)
--17916-- 
--17916-- used_suppression:      4 U1004-ARM-_dl_relocate_object
--17916-- used_suppression:      2 glibc-2.5.x-on-SUSE-10.2-(PPC)-2a
==17916== 
==17916== ERROR SUMMARY: 0 errors from 0 contexts (suppressed: 6 from 6)
