==29062== Memcheck, a memory error detector
==29062== Copyright (C) 2002-2012, and GNU GPL'd, by Julian Seward et al.
==29062== Using Valgrind-3.8.1 and LibVEX; rerun with -h for copyright info
==29062== Command: ./pa02
==29062== Parent PID: 16877
==29062== 
--29062-- 
--29062-- Valgrind options:
--29062--    --tool=memcheck
--29062--    --leak-check=full
--29062--    --verbose
--29062--    --log-file=memcheck.log
--29062-- Contents of /proc/version:
--29062--   Linux version 2.6.32-431.23.3.el6.x86_64 (mockbuild@x86-027.build.eng.bos.redhat.com) (gcc version 4.4.7 20120313 (Red Hat 4.4.7-4) (GCC) ) #1 SMP Wed Jul 16 06:12:23 EDT 2014
--29062-- Arch and hwcaps: AMD64, amd64-sse3-cx16
--29062-- Page sizes: currently 4096, max supported 4096
--29062-- Valgrind library directory: /usr/lib64/valgrind
--29062-- Reading syms from /home/shay/a/patel344/ECE264/solutions/ece264/PA02/pa02
--29062-- Reading syms from /usr/lib64/valgrind/memcheck-amd64-linux
--29062--    object doesn't have a dynamic symbol table
--29062-- Reading syms from /lib64/ld-2.12.so
--29062--   Considering /usr/lib/debug/.build-id/57/bf668f99b7f5917b8d55fbb645173c9a644575.debug ..
--29062--   .. build-id is valid
--29062-- Scheduler: using generic scheduler lock implementation.
--29062-- Reading suppressions file: /usr/lib64/valgrind/default.supp
==29062== embedded gdbserver: reading from /tmp/vgdb-pipe-from-vgdb-to-29062-by-patel344-on-ecegrid-thin1.ecn.purdue.edu
==29062== embedded gdbserver: writing to   /tmp/vgdb-pipe-to-vgdb-from-29062-by-patel344-on-ecegrid-thin1.ecn.purdue.edu
==29062== embedded gdbserver: shared mem   /tmp/vgdb-pipe-shared-mem-vgdb-29062-by-patel344-on-ecegrid-thin1.ecn.purdue.edu
==29062== 
==29062== TO CONTROL THIS PROCESS USING vgdb (which you probably
==29062== don't want to do, unless you know exactly what you're doing,
==29062== or are doing some strange experiment):
==29062==   /usr/lib64/valgrind/../../bin/vgdb --pid=29062 ...command...
==29062== 
==29062== TO DEBUG THIS PROCESS USING GDB: start GDB like this
==29062==   /path/to/gdb ./pa02
==29062== and then give GDB the following command
==29062==   target remote | /usr/lib64/valgrind/../../bin/vgdb --pid=29062
==29062== --pid is optional if only one valgrind process is running
==29062== 
--29062-- REDIR: 0x3f79a17530 (strlen) redirected to 0x38049551 (vgPlain_amd64_linux_REDIR_FOR_strlen)
--29062-- Reading syms from /usr/lib64/valgrind/vgpreload_core-amd64-linux.so
--29062-- Reading syms from /usr/lib64/valgrind/vgpreload_memcheck-amd64-linux.so
--29062-- REDIR: 0x3f79a173a0 (index) redirected to 0x4a07bf0 (index)
--29062-- REDIR: 0x3f79a17420 (strcmp) redirected to 0x4a08530 (strcmp)
--29062-- Reading syms from /lib64/libc-2.12.so
--29062--   Considering /usr/lib/debug/.build-id/07/b5ce35eba864a01b697f5ca117e94b9248064f.debug ..
--29062--   .. build-id is valid
--29062-- REDIR: 0x3f79e84cd0 (strcasecmp) redirected to 0x480155c (_vgnU_ifunc_wrapper)
--29062-- REDIR: 0x3f79e86f90 (strncasecmp) redirected to 0x480155c (_vgnU_ifunc_wrapper)
--29062-- REDIR: 0x3f79e82c40 (__GI_strrchr) redirected to 0x4a07a70 (__GI_strrchr)
--29062-- REDIR: 0x3f79e81160 (__GI_strlen) redirected to 0x4a07f70 (__GI_strlen)
--29062-- REDIR: 0x3f79e8aaf0 (strchrnul) redirected to 0x4a09f10 (strchrnul)
--29062-- REDIR: 0x3f79e7b520 (free) redirected to 0x4a06369 (free)
==29062== 
==29062== HEAP SUMMARY:
==29062==     in use at exit: 0 bytes in 0 blocks
==29062==   total heap usage: 0 allocs, 0 frees, 0 bytes allocated
==29062== 
==29062== All heap blocks were freed -- no leaks are possible
==29062== 
==29062== ERROR SUMMARY: 0 errors from 0 contexts (suppressed: 6 from 6)
--29062-- 
--29062-- used_suppression:      4 U1004-ARM-_dl_relocate_object
--29062-- used_suppression:      2 glibc-2.5.x-on-SUSE-10.2-(PPC)-2a
==29062== 
==29062== ERROR SUMMARY: 0 errors from 0 contexts (suppressed: 6 from 6)
