==6093== Memcheck, a memory error detector
==6093== Copyright (C) 2002-2012, and GNU GPL'd, by Julian Seward et al.
==6093== Using Valgrind-3.8.1 and LibVEX; rerun with -h for copyright info
==6093== Command: ./a.out images/01-smile.ee264 out.bmp
==6093== Parent PID: 26090
==6093== 
--6093-- 
--6093-- Valgrind options:
--6093--    --tool=memcheck
--6093--    --leak-check=full
--6093--    --verbose
--6093--    --log-file=memcheck.log
--6093-- Contents of /proc/version:
--6093--   Linux version 2.6.32-431.23.3.el6.x86_64 (mockbuild@x86-027.build.eng.bos.redhat.com) (gcc version 4.4.7 20120313 (Red Hat 4.4.7-4) (GCC) ) #1 SMP Wed Jul 16 06:12:23 EDT 2014
--6093-- Arch and hwcaps: AMD64, amd64-sse3-cx16
--6093-- Page sizes: currently 4096, max supported 4096
--6093-- Valgrind library directory: /usr/lib64/valgrind
--6093-- Reading syms from /home/shay/a/patel344/ECE264/solutions/ece264/PA07/a.out
--6093-- Reading syms from /usr/lib64/valgrind/memcheck-amd64-linux
--6093--    object doesn't have a dynamic symbol table
--6093-- Reading syms from /lib64/ld-2.12.so
--6093--   Considering /usr/lib/debug/.build-id/3b/fa45bce0e82e1d90d37a0cc8630f97f2003bf5.debug ..
--6093--   .. build-id is valid
--6093-- Scheduler: using generic scheduler lock implementation.
--6093-- Reading suppressions file: /usr/lib64/valgrind/default.supp
==6093== embedded gdbserver: reading from /tmp/vgdb-pipe-from-vgdb-to-6093-by-patel344-on-ecegrid-thin3.ecn.purdue.edu
==6093== embedded gdbserver: writing to   /tmp/vgdb-pipe-to-vgdb-from-6093-by-patel344-on-ecegrid-thin3.ecn.purdue.edu
==6093== embedded gdbserver: shared mem   /tmp/vgdb-pipe-shared-mem-vgdb-6093-by-patel344-on-ecegrid-thin3.ecn.purdue.edu
==6093== 
==6093== TO CONTROL THIS PROCESS USING vgdb (which you probably
==6093== don't want to do, unless you know exactly what you're doing,
==6093== or are doing some strange experiment):
==6093==   /usr/lib64/valgrind/../../bin/vgdb --pid=6093 ...command...
==6093== 
==6093== TO DEBUG THIS PROCESS USING GDB: start GDB like this
==6093==   /path/to/gdb ./a.out
==6093== and then give GDB the following command
==6093==   target remote | /usr/lib64/valgrind/../../bin/vgdb --pid=6093
==6093== --pid is optional if only one valgrind process is running
==6093== 
--6093-- REDIR: 0x3968617610 (strlen) redirected to 0x38049551 (vgPlain_amd64_linux_REDIR_FOR_strlen)
--6093-- Reading syms from /usr/lib64/valgrind/vgpreload_core-amd64-linux.so
--6093-- Reading syms from /usr/lib64/valgrind/vgpreload_memcheck-amd64-linux.so
--6093-- REDIR: 0x3968617480 (index) redirected to 0x4a07c30 (index)
--6093-- REDIR: 0x3968617500 (strcmp) redirected to 0x4a08570 (strcmp)
--6093-- Reading syms from /lib64/libc-2.12.so
--6093--   Considering /usr/lib/debug/.build-id/73/3ad3a438b5a695f7a63a77413f9b2c8c94e8e6.debug ..
--6093--   .. build-id is valid
--6093-- REDIR: 0x3968a84cd0 (strcasecmp) redirected to 0x480155c (_vgnU_ifunc_wrapper)
--6093-- REDIR: 0x3968a86f90 (strncasecmp) redirected to 0x480155c (_vgnU_ifunc_wrapper)
--6093-- REDIR: 0x3968a82c40 (__GI_strrchr) redirected to 0x4a07ab0 (__GI_strrchr)
--6093-- REDIR: 0x3968a7a640 (malloc) redirected to 0x4a069ac (malloc)
--6093-- REDIR: 0x3968a89670 (memcpy) redirected to 0x4a08b60 (memcpy)
==6093== Invalid read of size 1
==6093==    at 0x401770: Image_load (answer07.c:73)
==6093==    by 0x400A00: main (main.c:49)
==6093==  Address 0x4c3b340 is 0 bytes after a block of size 32 alloc'd
==6093==    at 0x4A06A2E: malloc (vg_replace_malloc.c:270)
==6093==    by 0x4016EC: Image_load (answer07.c:66)
==6093==    by 0x400A00: main (main.c:49)
==6093== 
--6093-- REDIR: 0x3968a7b520 (free) redirected to 0x4a063a9 (free)
--6093-- REDIR: 0x3968a84500 (mempcpy) redirected to 0x4a0a020 (mempcpy)
--6093-- REDIR: 0x3968a839a0 (memset) redirected to 0x480155c (_vgnU_ifunc_wrapper)
--6093-- REDIR: 0x3968a839e0 (__GI_memset) redirected to 0x4a09a50 (memset)
==6093== 
==6093== HEAP SUMMARY:
==6093==     in use at exit: 0 bytes in 0 blocks
==6093==   total heap usage: 6 allocs, 6 frees, 68,840 bytes allocated
==6093== 
==6093== All heap blocks were freed -- no leaks are possible
==6093== 
==6093== ERROR SUMMARY: 1 errors from 1 contexts (suppressed: 6 from 6)
==6093== 
==6093== 1 errors in context 1 of 1:
==6093== Invalid read of size 1
==6093==    at 0x401770: Image_load (answer07.c:73)
==6093==    by 0x400A00: main (main.c:49)
==6093==  Address 0x4c3b340 is 0 bytes after a block of size 32 alloc'd
==6093==    at 0x4A06A2E: malloc (vg_replace_malloc.c:270)
==6093==    by 0x4016EC: Image_load (answer07.c:66)
==6093==    by 0x400A00: main (main.c:49)
==6093== 
--6093-- 
--6093-- used_suppression:      4 U1004-ARM-_dl_relocate_object
--6093-- used_suppression:      2 glibc-2.5.x-on-SUSE-10.2-(PPC)-2a
==6093== 
==6093== ERROR SUMMARY: 1 errors from 1 contexts (suppressed: 6 from 6)
