==28868== Memcheck, a memory error detector
==28868== Copyright (C) 2002-2012, and GNU GPL'd, by Julian Seward et al.
==28868== Using Valgrind-3.8.1 and LibVEX; rerun with -h for copyright info
==28868== Command: ./a.out patel --help
==28868== Parent PID: 28818
==28868== 
--28868-- 
--28868-- Valgrind options:
--28868--    --tool=memcheck
--28868--    --leak-check=full
--28868--    --verbose
--28868--    --log-file=memcheck.log
--28868-- Contents of /proc/version:
--28868--   Linux version 2.6.32-431.23.3.el6.x86_64 (mockbuild@x86-027.build.eng.bos.redhat.com) (gcc version 4.4.7 20120313 (Red Hat 4.4.7-4) (GCC) ) #1 SMP Wed Jul 16 06:12:23 EDT 2014
--28868-- Arch and hwcaps: AMD64, amd64-sse3-cx16-avx
--28868-- Page sizes: currently 4096, max supported 4096
--28868-- Valgrind library directory: /usr/lib64/valgrind
--28868-- Reading syms from /home/shay/a/patel344/ECE264/solutions/ece264/PA04/a.out
--28868-- Reading syms from /usr/lib64/valgrind/memcheck-amd64-linux
--28868--    object doesn't have a dynamic symbol table
--28868-- Reading syms from /lib64/ld-2.12.so
--28868--   Considering /usr/lib/debug/.build-id/57/bf668f99b7f5917b8d55fbb645173c9a644575.debug ..
--28868--   .. build-id is valid
--28868-- Scheduler: using generic scheduler lock implementation.
--28868-- Reading suppressions file: /usr/lib64/valgrind/default.supp
==28868== embedded gdbserver: reading from /tmp/vgdb-pipe-from-vgdb-to-28868-by-patel344-on-ecegrid-thin5.ecn.purdue.edu
==28868== embedded gdbserver: writing to   /tmp/vgdb-pipe-to-vgdb-from-28868-by-patel344-on-ecegrid-thin5.ecn.purdue.edu
==28868== embedded gdbserver: shared mem   /tmp/vgdb-pipe-shared-mem-vgdb-28868-by-patel344-on-ecegrid-thin5.ecn.purdue.edu
==28868== 
==28868== TO CONTROL THIS PROCESS USING vgdb (which you probably
==28868== don't want to do, unless you know exactly what you're doing,
==28868== or are doing some strange experiment):
==28868==   /usr/lib64/valgrind/../../bin/vgdb --pid=28868 ...command...
==28868== 
==28868== TO DEBUG THIS PROCESS USING GDB: start GDB like this
==28868==   /path/to/gdb ./a.out
==28868== and then give GDB the following command
==28868==   target remote | /usr/lib64/valgrind/../../bin/vgdb --pid=28868
==28868== --pid is optional if only one valgrind process is running
==28868== 
--28868-- REDIR: 0x3b21017530 (strlen) redirected to 0x38049551 (vgPlain_amd64_linux_REDIR_FOR_strlen)
--28868-- Reading syms from /usr/lib64/valgrind/vgpreload_core-amd64-linux.so
--28868-- Reading syms from /usr/lib64/valgrind/vgpreload_memcheck-amd64-linux.so
--28868-- REDIR: 0x3b210173a0 (index) redirected to 0x4a07bf0 (index)
--28868-- REDIR: 0x3b21017420 (strcmp) redirected to 0x4a08530 (strcmp)
--28868-- Reading syms from /lib64/libc-2.12.so
--28868--   Considering /usr/lib/debug/.build-id/07/b5ce35eba864a01b697f5ca117e94b9248064f.debug ..
--28868--   .. build-id is valid
--28868-- REDIR: 0x3b21484cd0 (strcasecmp) redirected to 0x480155c (_vgnU_ifunc_wrapper)
--28868-- REDIR: 0x3b21486f90 (strncasecmp) redirected to 0x480155c (_vgnU_ifunc_wrapper)
--28868-- REDIR: 0x3b21482c40 (__GI_strrchr) redirected to 0x4a07a70 (__GI_strrchr)
--28868-- REDIR: 0x3b2147f6e0 (strcmp) redirected to 0x480155c (_vgnU_ifunc_wrapper)
--28868-- REDIR: 0x3b21528290 (__strcmp_sse42) redirected to 0x4a08490 (strcmp)
--28868-- REDIR: 0x3b21481160 (__GI_strlen) redirected to 0x4a07f70 (__GI_strlen)
--28868-- REDIR: 0x3b2147b520 (free) redirected to 0x4a06369 (free)
==28868== 
==28868== HEAP SUMMARY:
==28868==     in use at exit: 0 bytes in 0 blocks
==28868==   total heap usage: 0 allocs, 0 frees, 0 bytes allocated
==28868== 
==28868== All heap blocks were freed -- no leaks are possible
==28868== 
==28868== ERROR SUMMARY: 0 errors from 0 contexts (suppressed: 6 from 6)
--28868-- 
--28868-- used_suppression:      4 U1004-ARM-_dl_relocate_object
--28868-- used_suppression:      2 glibc-2.5.x-on-SUSE-10.2-(PPC)-2a
==28868== 
==28868== ERROR SUMMARY: 0 errors from 0 contexts (suppressed: 6 from 6)
