==6288== Memcheck, a memory error detector
==6288== Copyright (C) 2002-2012, and GNU GPL'd, by Julian Seward et al.
==6288== Using Valgrind-3.8.1 and LibVEX; rerun with -h for copyright info
==6288== Command: ./pa10
==6288== Parent PID: 12341
==6288== 
--6288-- 
--6288-- Valgrind options:
--6288--    --tool=memcheck
--6288--    --leak-check=full
--6288--    --verbose
--6288--    --log-file=memcheck.log
--6288-- Contents of /proc/version:
--6288--   Linux version 2.6.32-431.23.3.el6.x86_64 (mockbuild@x86-027.build.eng.bos.redhat.com) (gcc version 4.4.7 20120313 (Red Hat 4.4.7-4) (GCC) ) #1 SMP Wed Jul 16 06:12:23 EDT 2014
--6288-- Arch and hwcaps: AMD64, amd64-sse3-cx16
--6288-- Page sizes: currently 4096, max supported 4096
--6288-- Valgrind library directory: /usr/lib64/valgrind
--6288-- Reading syms from /home/shay/a/patel344/ECE264/solutions/ece264/PA10/pa10
--6288-- Reading syms from /usr/lib64/valgrind/memcheck-amd64-linux
--6288--    object doesn't have a dynamic symbol table
--6288-- Reading syms from /lib64/ld-2.12.so
--6288--   Considering /usr/lib/debug/.build-id/3b/fa45bce0e82e1d90d37a0cc8630f97f2003bf5.debug ..
--6288--   .. build-id is valid
--6288-- Scheduler: using generic scheduler lock implementation.
--6288-- Reading suppressions file: /usr/lib64/valgrind/default.supp
==6288== embedded gdbserver: reading from /tmp/vgdb-pipe-from-vgdb-to-6288-by-patel344-on-ecegrid-thin2.ecn.purdue.edu
==6288== embedded gdbserver: writing to   /tmp/vgdb-pipe-to-vgdb-from-6288-by-patel344-on-ecegrid-thin2.ecn.purdue.edu
==6288== embedded gdbserver: shared mem   /tmp/vgdb-pipe-shared-mem-vgdb-6288-by-patel344-on-ecegrid-thin2.ecn.purdue.edu
==6288== 
==6288== TO CONTROL THIS PROCESS USING vgdb (which you probably
==6288== don't want to do, unless you know exactly what you're doing,
==6288== or are doing some strange experiment):
==6288==   /usr/lib64/valgrind/../../bin/vgdb --pid=6288 ...command...
==6288== 
==6288== TO DEBUG THIS PROCESS USING GDB: start GDB like this
==6288==   /path/to/gdb ./pa10
==6288== and then give GDB the following command
==6288==   target remote | /usr/lib64/valgrind/../../bin/vgdb --pid=6288
==6288== --pid is optional if only one valgrind process is running
==6288== 
--6288-- REDIR: 0x30c8e17610 (strlen) redirected to 0x38049551 (vgPlain_amd64_linux_REDIR_FOR_strlen)
--6288-- Reading syms from /usr/lib64/valgrind/vgpreload_core-amd64-linux.so
--6288-- Reading syms from /usr/lib64/valgrind/vgpreload_memcheck-amd64-linux.so
--6288-- REDIR: 0x30c8e17480 (index) redirected to 0x4a07c30 (index)
--6288-- REDIR: 0x30c8e17500 (strcmp) redirected to 0x4a08570 (strcmp)
--6288-- Reading syms from /lib64/libc-2.12.so
--6288--   Considering /usr/lib/debug/.build-id/73/3ad3a438b5a695f7a63a77413f9b2c8c94e8e6.debug ..
--6288--   .. build-id is valid
--6288-- REDIR: 0x30c9284cd0 (strcasecmp) redirected to 0x480155c (_vgnU_ifunc_wrapper)
--6288-- REDIR: 0x30c9286f90 (strncasecmp) redirected to 0x480155c (_vgnU_ifunc_wrapper)
--6288-- REDIR: 0x30c9282c40 (__GI_strrchr) redirected to 0x4a07ab0 (__GI_strrchr)
--6288-- REDIR: 0x30c9281160 (__GI_strlen) redirected to 0x4a07fb0 (__GI_strlen)
--6288-- REDIR: 0x30c927a640 (malloc) redirected to 0x4a069ac (malloc)
--6288-- REDIR: 0x30c9283350 (memchr) redirected to 0x4a08610 (memchr)
--6288-- REDIR: 0x30c927ba10 (realloc) redirected to 0x4a06b57 (realloc)
--6288-- REDIR: 0x30c9289670 (memcpy) redirected to 0x4a08b60 (memcpy)
--6288-- REDIR: 0x30c9281120 (strlen) redirected to 0x480155c (_vgnU_ifunc_wrapper)
--6288-- REDIR: 0x30c93336f0 (__strlen_sse42) redirected to 0x4a07f90 (strlen)
--6288-- REDIR: 0x30c927f630 (index) redirected to 0x480155c (_vgnU_ifunc_wrapper)
--6288-- REDIR: 0x30c9328370 (__strchr_sse42) redirected to 0x4a07b40 (index)
--6288-- REDIR: 0x30c928aaf0 (strchrnul) redirected to 0x4a09fb0 (strchrnul)
--6288-- REDIR: 0x30c927b520 (free) redirected to 0x4a063a9 (free)
--6288-- REDIR: 0x30c9284500 (mempcpy) redirected to 0x4a0a020 (mempcpy)
--6288-- REDIR: 0x30c927f6e0 (strcmp) redirected to 0x480155c (_vgnU_ifunc_wrapper)
--6288-- REDIR: 0x30c9328420 (__strcmp_sse42) redirected to 0x4a084d0 (strcmp)
--6288-- REDIR: 0x30c9281240 (strnlen) redirected to 0x4a07f30 (strnlen)
==6288== 
==6288== HEAP SUMMARY:
==6288==     in use at exit: 32 bytes in 1 blocks
==6288==   total heap usage: 264 allocs, 263 frees, 79,465 bytes allocated
==6288== 
==6288== Searching for pointers to 1 not-freed blocks
==6288== Checked 64,696 bytes
==6288== 
==6288== 32 bytes in 1 blocks are definitely lost in loss record 1 of 1
==6288==    at 0x4A06A2E: malloc (vg_replace_malloc.c:270)
==6288==    by 0x40139D: create_business_bst (answer10.c:441)
==6288==    by 0x401CBB: main (main.c:48)
==6288== 
==6288== LEAK SUMMARY:
==6288==    definitely lost: 32 bytes in 1 blocks
==6288==    indirectly lost: 0 bytes in 0 blocks
==6288==      possibly lost: 0 bytes in 0 blocks
==6288==    still reachable: 0 bytes in 0 blocks
==6288==         suppressed: 0 bytes in 0 blocks
==6288== 
==6288== ERROR SUMMARY: 1 errors from 1 contexts (suppressed: 6 from 6)
--6288-- 
--6288-- used_suppression:      4 U1004-ARM-_dl_relocate_object
--6288-- used_suppression:      2 glibc-2.5.x-on-SUSE-10.2-(PPC)-2a
==6288== 
==6288== ERROR SUMMARY: 1 errors from 1 contexts (suppressed: 6 from 6)
